kotlin version: 2.0.21
error message: org.jetbrains.kotlin.backend.common.BackendException: Backend Internal error: Exception during IR lowering
File being compiled: C:/Users/emili/AndroidStudioProjects/TPV2/app/src/main/java/com/example/tpv/MainActivity.kt
The root cause java.lang.RuntimeException was thrown at: org.jetbrains.kotlin.backend.jvm.codegen.FunctionCodegen.generate(FunctionCodegen.kt:47)
	at org.jetbrains.kotlin.backend.common.CodegenUtil.reportBackendException(CodegenUtil.kt:253)
	at org.jetbrains.kotlin.backend.common.CodegenUtil.reportBackendException$default(CodegenUtil.kt:236)
	at org.jetbrains.kotlin.backend.common.phaser.PerformByIrFilePhase.invokeSequential(performByIrFile.kt:65)
	at org.jetbrains.kotlin.backend.common.phaser.PerformByIrFilePhase.invoke(performByIrFile.kt:52)
	at org.jetbrains.kotlin.backend.common.phaser.PerformByIrFilePhase.invoke(performByIrFile.kt:38)
	at org.jetbrains.kotlin.backend.common.phaser.NamedCompilerPhase.phaseBody(CompilerPhase.kt:166)
	at org.jetbrains.kotlin.backend.common.phaser.AbstractNamedCompilerPhase.invoke(CompilerPhase.kt:113)
	at org.jetbrains.kotlin.backend.common.phaser.CompositePhase.invoke(PhaseBuilders.kt:27)
	at org.jetbrains.kotlin.backend.common.phaser.CompositePhase.invoke(PhaseBuilders.kt:14)
	at org.jetbrains.kotlin.backend.common.phaser.NamedCompilerPhase.phaseBody(CompilerPhase.kt:166)
	at org.jetbrains.kotlin.backend.common.phaser.AbstractNamedCompilerPhase.invoke(CompilerPhase.kt:113)
	at org.jetbrains.kotlin.backend.common.phaser.CompilerPhaseKt.invokeToplevel(CompilerPhase.kt:62)
	at org.jetbrains.kotlin.backend.jvm.JvmIrCodegenFactory.invokeCodegen(JvmIrCodegenFactory.kt:371)
	at org.jetbrains.kotlin.codegen.CodegenFactory.generateModule(CodegenFactory.kt:47)
	at org.jetbrains.kotlin.backend.jvm.JvmIrCodegenFactory.generateModuleInFrontendIRMode(JvmIrCodegenFactory.kt:433)
	at org.jetbrains.kotlin.cli.jvm.compiler.pipeline.JvmCompilerPipelineKt.generateCodeFromIr(jvmCompilerPipeline.kt:246)
	at org.jetbrains.kotlin.cli.jvm.compiler.pipeline.JvmCompilerPipelineKt.compileModulesUsingFrontendIrAndLightTree(jvmCompilerPipeline.kt:142)
	at org.jetbrains.kotlin.cli.jvm.K2JVMCompiler.doExecute(K2JVMCompiler.kt:148)
	at org.jetbrains.kotlin.cli.jvm.K2JVMCompiler.doExecute(K2JVMCompiler.kt:43)
	at org.jetbrains.kotlin.cli.common.CLICompiler.execImpl(CLICompiler.kt:103)
	at org.jetbrains.kotlin.cli.common.CLICompiler.execImpl(CLICompiler.kt:49)
	at org.jetbrains.kotlin.cli.common.CLITool.exec(CLITool.kt:101)
	at org.jetbrains.kotlin.incremental.IncrementalJvmCompilerRunner.runCompiler(IncrementalJvmCompilerRunner.kt:464)
	at org.jetbrains.kotlin.incremental.IncrementalJvmCompilerRunner.runCompiler(IncrementalJvmCompilerRunner.kt:73)
	at org.jetbrains.kotlin.incremental.IncrementalCompilerRunner.doCompile(IncrementalCompilerRunner.kt:506)
	at org.jetbrains.kotlin.incremental.IncrementalCompilerRunner.compileImpl(IncrementalCompilerRunner.kt:423)
	at org.jetbrains.kotlin.incremental.IncrementalCompilerRunner.tryCompileIncrementally$lambda$9$compile(IncrementalCompilerRunner.kt:249)
	at org.jetbrains.kotlin.incremental.IncrementalCompilerRunner.tryCompileIncrementally(IncrementalCompilerRunner.kt:267)
	at org.jetbrains.kotlin.incremental.IncrementalCompilerRunner.compile(IncrementalCompilerRunner.kt:120)
	at org.jetbrains.kotlin.daemon.CompileServiceImplBase.execIncrementalCompiler(CompileServiceImpl.kt:675)
	at org.jetbrains.kotlin.daemon.CompileServiceImplBase.access$execIncrementalCompiler(CompileServiceImpl.kt:92)
	at org.jetbrains.kotlin.daemon.CompileServiceImpl.compile(CompileServiceImpl.kt:1660)
	at java.base/jdk.internal.reflect.DirectMethodHandleAccessor.invoke(Unknown Source)
	at java.base/java.lang.reflect.Method.invoke(Unknown Source)
	at java.rmi/sun.rmi.server.UnicastServerRef.dispatch(Unknown Source)
	at java.rmi/sun.rmi.transport.Transport$1.run(Unknown Source)
	at java.rmi/sun.rmi.transport.Transport$1.run(Unknown Source)
	at java.base/java.security.AccessController.doPrivileged(Unknown Source)
	at java.rmi/sun.rmi.transport.Transport.serviceCall(Unknown Source)
	at java.rmi/sun.rmi.transport.tcp.TCPTransport.handleMessages(Unknown Source)
	at java.rmi/sun.rmi.transport.tcp.TCPTransport$ConnectionHandler.run0(Unknown Source)
	at java.rmi/sun.rmi.transport.tcp.TCPTransport$ConnectionHandler.lambda$run$0(Unknown Source)
	at java.base/java.security.AccessController.doPrivileged(Unknown Source)
	at java.rmi/sun.rmi.transport.tcp.TCPTransport$ConnectionHandler.run(Unknown Source)
	at java.base/java.util.concurrent.ThreadPoolExecutor.runWorker(Unknown Source)
	at java.base/java.util.concurrent.ThreadPoolExecutor$Worker.run(Unknown Source)
	at java.base/java.lang.Thread.run(Unknown Source)
Caused by: java.lang.RuntimeException: Exception while generating code for:
FUN LOCAL_FUNCTION_FOR_LAMBDA name:onCreate$lambda$6 visibility:private modality:FINAL <> (this$0:com.example.tpv.MainActivity, it:@[FlexibleNullability] android.view.View?) returnType:kotlin.Unit
  VALUE_PARAMETER BOUND_VALUE_PARAMETER name:this$0 index:0 type:com.example.tpv.MainActivity
  VALUE_PARAMETER name:it index:1 type:@[FlexibleNullability] android.view.View?
  BLOCK_BODY
    CALL 'public open fun setAppLicense (p0: @[FlexibleNullability] kotlin.String?): kotlin.Unit declared in es.redsys.paysys.Operative.RedCLSConfigurationLibrary' type=kotlin.Unit origin=null
      p0: CONST String type=kotlin.String value="057678260"
    CALL 'public open fun setiEntorno (p0: kotlin.Int): kotlin.Unit declared in es.redsys.paysys.Operative.RedCLSConfigurationLibrary' type=kotlin.Unit origin=null
      p0: CONST Int type=kotlin.Int value=2
    VAR name:terminalRequest type:es.redsys.paysys.clientServicesSSM.logintransparente.RedCLSLoginTransPetNuevoTerminal [val]
      CALL 'public final fun apply <T> (block: @[ExtensionFunctionType] kotlin.Function1<T of kotlin.StandardKt.apply, kotlin.Unit>): T of kotlin.StandardKt.apply [inline] declared in kotlin.StandardKt' type=es.redsys.paysys.clientServicesSSM.logintransparente.RedCLSLoginTransPetNuevoTerminal origin=null
        <T>: es.redsys.paysys.clientServicesSSM.logintransparente.RedCLSLoginTransPetNuevoTerminal
        $receiver: CONSTRUCTOR_CALL 'public constructor <init> () declared in es.redsys.paysys.clientServicesSSM.logintransparente.RedCLSLoginTransPetNuevoTerminal' type=es.redsys.paysys.clientServicesSSM.logintransparente.RedCLSLoginTransPetNuevoTerminal origin=null
        block: BLOCK type=@[ExtensionFunctionType] kotlin.Function1<es.redsys.paysys.clientServicesSSM.logintransparente.RedCLSLoginTransPetNuevoTerminal, kotlin.Unit> origin=LAMBDA
          COMPOSITE type=kotlin.Unit origin=null
          FUNCTION_REFERENCE 'private final fun onCreate$lambda$6$lambda$5 (): kotlin.Unit declared in com.example.tpv.MainActivity' type=@[ExtensionFunctionType] kotlin.Function1<es.redsys.paysys.clientServicesSSM.logintransparente.RedCLSLoginTransPetNuevoTerminal, kotlin.Unit> origin=INLINE_LAMBDA reflectionTarget=null
    COMPOSITE type=kotlin.Unit origin=null
      CALL 'public final fun launch$default (context: kotlin.coroutines.CoroutineContext?, start: kotlinx.coroutines.CoroutineStart?, block: @[ExtensionFunctionType] kotlin.coroutines.SuspendFunction1<kotlinx.coroutines.CoroutineScope, kotlin.Unit>, $mask0: kotlin.Int, $handler: kotlin.Any?): kotlinx.coroutines.Job declared in kotlinx.coroutines.BuildersKt' type=kotlinx.coroutines.Job origin=DEFAULT_DISPATCH_CALL
        $receiver: CALL 'public final fun <get-lifecycleScope> (): androidx.lifecycle.LifecycleCoroutineScope declared in androidx.lifecycle.LifecycleOwnerKt' type=androidx.lifecycle.LifecycleCoroutineScope origin=GET_PROPERTY
          $receiver: GET_VAR 'this$0: com.example.tpv.MainActivity declared in com.example.tpv.MainActivity.onCreate$lambda$6' type=com.example.tpv.MainActivity origin=null
        context: COMPOSITE type=kotlin.coroutines.CoroutineContext? origin=DEFAULT_VALUE
          CONST Null type=kotlin.coroutines.CoroutineContext? value=null
        start: COMPOSITE type=kotlinx.coroutines.CoroutineStart? origin=DEFAULT_VALUE
          CONST Null type=kotlinx.coroutines.CoroutineStart? value=null
        block: BLOCK type=com.example.tpv.MainActivity.onCreate$lambda$6.<no name provided> origin=null
          CLASS SUSPEND_LAMBDA CLASS name:<no name provided> modality:FINAL visibility:public/*package*/ superTypes:[kotlin.coroutines.jvm.internal.SuspendLambda; kotlin.jvm.functions.Function2<kotlinx.coroutines.CoroutineScope, kotlin.coroutines.Continuation<kotlin.Unit>?, kotlin.Any?>]
            $this: VALUE_PARAMETER INSTANCE_RECEIVER name:<this> type:com.example.tpv.MainActivity.onCreate$lambda$6.<no name provided>
            FIELD name:label type:kotlin.Int visibility:public/*package*/
            CONSTRUCTOR SUSPEND_LAMBDA visibility:public/*package*/ <> (this$0:com.example.tpv.MainActivity, $terminalRequest:es.redsys.paysys.clientServicesSSM.logintransparente.RedCLSLoginTransPetNuevoTerminal, $completion:kotlin.coroutines.Continuation<com.example.tpv.MainActivity.onCreate$lambda$6.<no name provided>>?) returnType:com.example.tpv.MainActivity.onCreate$lambda$6.<no name provided> [primary]
              VALUE_PARAMETER BOUND_RECEIVER_PARAMETER name:this$0 index:0 type:com.example.tpv.MainActivity
              VALUE_PARAMETER BOUND_VALUE_PARAMETER name:$terminalRequest index:1 type:es.redsys.paysys.clientServicesSSM.logintransparente.RedCLSLoginTransPetNuevoTerminal
              VALUE_PARAMETER name:$completion index:2 type:kotlin.coroutines.Continuation<com.example.tpv.MainActivity.onCreate$lambda$6.<no name provided>>?
              BLOCK_BODY
                SET_FIELD 'FIELD FIELD_FOR_CAPTURED_VALUE name:this$0 type:com.example.tpv.MainActivity visibility:public/*package*/ [final] declared in com.example.tpv.MainActivity.onCreate$lambda$6.<no name provided>' type=kotlin.Unit origin=INITIALIZER_OF_FIELD_FOR_CAPTURED_VALUE
                  receiver: GET_VAR '<this>: com.example.tpv.MainActivity.onCreate$lambda$6.<no name provided> declared in com.example.tpv.MainActivity.onCreate$lambda$6.<no name provided>' type=com.example.tpv.MainActivity.onCreate$lambda$6.<no name provided> origin=null
                  value: GET_VAR 'this$0: com.example.tpv.MainActivity declared in com.example.tpv.MainActivity.onCreate$lambda$6.<no name provided>.<init>' type=com.example.tpv.MainActivity origin=null
                SET_FIELD 'FIELD FIELD_FOR_CAPTURED_VALUE name:$terminalRequest type:es.redsys.paysys.clientServicesSSM.logintransparente.RedCLSLoginTransPetNuevoTerminal visibility:public/*package*/ [final] declared in com.example.tpv.MainActivity.onCreate$lambda$6.<no name provided>' type=kotlin.Unit origin=INITIALIZER_OF_FIELD_FOR_CAPTURED_VALUE
                  receiver: GET_VAR '<this>: com.example.tpv.MainActivity.onCreate$lambda$6.<no name provided> declared in com.example.tpv.MainActivity.onCreate$lambda$6.<no name provided>' type=com.example.tpv.MainActivity.onCreate$lambda$6.<no name provided> origin=null
                  value: GET_VAR '$terminalRequest: es.redsys.paysys.clientServicesSSM.logintransparente.RedCLSLoginTransPetNuevoTerminal declared in com.example.tpv.MainActivity.onCreate$lambda$6.<no name provided>.<init>' type=es.redsys.paysys.clientServicesSSM.logintransparente.RedCLSLoginTransPetNuevoTerminal origin=null
                DELEGATING_CONSTRUCTOR_CALL 'public constructor <init> (arity: kotlin.Int, $completion: kotlin.coroutines.Continuation<kotlin.Any?>?) declared in kotlin.coroutines.jvm.internal.SuspendLambda'
                  arity: CONST Int type=kotlin.Int value=2
                  $completion: GET_VAR '$completion: kotlin.coroutines.Continuation<com.example.tpv.MainActivity.onCreate$lambda$6.<no name provided>>? declared in com.example.tpv.MainActivity.onCreate$lambda$6.<no name provided>.<init>' type=kotlin.coroutines.Continuation<com.example.tpv.MainActivity.onCreate$lambda$6.<no name provided>>? origin=null
                BLOCK type=kotlin.Unit origin=null
            FUN name:invokeSuspend visibility:public modality:FINAL <> ($this:com.example.tpv.MainActivity.onCreate$lambda$6.<no name provided>, $result:kotlin.Result<kotlin.Any?>) returnType:kotlin.Any?
              overridden:
                protected abstract fun invokeSuspend ($result: kotlin.Result<kotlin.Any?>): kotlin.Any? declared in kotlin.coroutines.jvm.internal.SuspendLambda
              $this: VALUE_PARAMETER INSTANCE_RECEIVER name:<this> type:com.example.tpv.MainActivity.onCreate$lambda$6.<no name provided>
              VALUE_PARAMETER name:$result index:0 type:kotlin.Result<kotlin.Any?>
              BLOCK_BODY
                TRY type=kotlin.Unit
                  try: BLOCK type=kotlin.Unit origin=null
                    VAR name:response type:@[FlexibleNullability] es.redsys.paysys.clientServicesSSM.logintransparente.data.ResponseData? [val]
                      CALL 'public final fun withContext <T> (context: kotlin.coroutines.CoroutineContext, block: @[ExtensionFunctionType] kotlin.coroutines.SuspendFunction1<kotlinx.coroutines.CoroutineScope, T of kotlinx.coroutines.BuildersKt.withContext>, $completion: kotlin.coroutines.Continuation<T of kotlinx.coroutines.BuildersKt.withContext>): kotlin.Any? [suspend] declared in kotlinx.coroutines.BuildersKt' type=@[FlexibleNullability] es.redsys.paysys.clientServicesSSM.logintransparente.data.ResponseData? origin=null
                        <T>: @[FlexibleNullability] es.redsys.paysys.clientServicesSSM.logintransparente.data.ResponseData?
                        context: CALL 'public final fun <get-IO> (): kotlinx.coroutines.CoroutineDispatcher declared in kotlinx.coroutines.Dispatchers' type=kotlinx.coroutines.CoroutineDispatcher origin=GET_PROPERTY
                        block: BLOCK type=com.example.tpv.MainActivity.onCreate$lambda$6.<no name provided>.invokeSuspend.<no name provided> origin=null
                          CLASS SUSPEND_LAMBDA CLASS name:<no name provided> modality:FINAL visibility:public/*package*/ superTypes:[kotlin.coroutines.jvm.internal.SuspendLambda; kotlin.jvm.functions.Function2<kotlinx.coroutines.CoroutineScope, kotlin.coroutines.Continuation<@[FlexibleNullability] es.redsys.paysys.clientServicesSSM.logintransparente.data.ResponseData?>?, kotlin.Any?>]
                            $this: VALUE_PARAMETER INSTANCE_RECEIVER name:<this> type:com.example.tpv.MainActivity.onCreate$lambda$6.<no name provided>.invokeSuspend.<no name provided>
                            FIELD name:label type:kotlin.Int visibility:public/*package*/
                            CONSTRUCTOR SUSPEND_LAMBDA visibility:public/*package*/ <> (this$0:com.example.tpv.MainActivity, $terminalRequest:es.redsys.paysys.clientServicesSSM.logintransparente.RedCLSLoginTransPetNuevoTerminal, $completion:kotlin.coroutines.Continuation<com.example.tpv.MainActivity.onCreate$lambda$6.<no name provided>.invokeSuspend.<no name provided>>?) returnType:com.example.tpv.MainActivity.onCreate$lambda$6.<no name provided>.invokeSuspend.<no name provided> [primary]
                              VALUE_PARAMETER BOUND_RECEIVER_PARAMETER name:this$0 index:0 type:com.example.tpv.MainActivity
                              VALUE_PARAMETER BOUND_VALUE_PARAMETER name:$terminalRequest index:1 type:es.redsys.paysys.clientServicesSSM.logintransparente.RedCLSLoginTransPetNuevoTerminal
                              VALUE_PARAMETER name:$completion index:2 type:kotlin.coroutines.Continuation<com.example.tpv.MainActivity.onCreate$lambda$6.<no name provided>.invokeSuspend.<no name provided>>?
                              BLOCK_BODY
                                SET_FIELD 'FIELD FIELD_FOR_CAPTURED_VALUE name:this$0 type:com.example.tpv.MainActivity visibility:public/*package*/ [final] declared in com.example.tpv.MainActivity.onCreate$lambda$6.<no name provided>.invokeSuspend.<no name provided>' type=kotlin.Unit origin=INITIALIZER_OF_FIELD_FOR_CAPTURED_VALUE
                                  receiver: GET_VAR '<this>: com.example.tpv.MainActivity.onCreate$lambda$6.<no name provided>.invokeSuspend.<no name provided> declared in com.example.tpv.MainActivity.onCreate$lambda$6.<no name provided>.invokeSuspend.<no name provided>' type=com.example.tpv.MainActivity.onCreate$lambda$6.<no name provided>.invokeSuspend.<no name provided> origin=null
                                  value: GET_VAR 'this$0: com.example.tpv.MainActivity declared in com.example.tpv.MainActivity.onCreate$lambda$6.<no name provided>.invokeSuspend.<no name provided>.<init>' type=com.example.tpv.MainActivity origin=null
                                SET_FIELD 'FIELD FIELD_FOR_CAPTURED_VALUE name:$terminalRequest type:es.redsys.paysys.clientServicesSSM.logintransparente.RedCLSLoginTransPetNuevoTerminal visibility:public/*package*/ [final] declared in com.example.tpv.MainActivity.onCreate$lambda$6.<no name provided>.invokeSuspend.<no name provided>' type=kotlin.Unit origin=INITIALIZER_OF_FIELD_FOR_CAPTURED_VALUE
                                  receiver: GET_VAR '<this>: com.example.tpv.MainActivity.onCreate$lambda$6.<no name provided>.invokeSuspend.<no name provided> declared in com.example.tpv.MainActivity.onCreate$lambda$6.<no name provided>.invokeSuspend.<no name provided>' type=com.example.tpv.MainActivity.onCreate$lambda$6.<no name provided>.invokeSuspend.<no name provided> origin=null
                                  value: GET_VAR '$terminalRequest: es.redsys.paysys.clientServicesSSM.logintransparente.RedCLSLoginTransPetNuevoTerminal declared in com.example.tpv.MainActivity.onCreate$lambda$6.<no name provided>.invokeSuspend.<no name provided>.<init>' type=es.redsys.paysys.clientServicesSSM.logintransparente.RedCLSLoginTransPetNuevoTerminal origin=null
                                DELEGATING_CONSTRUCTOR_CALL 'public constructor <init> (arity: kotlin.Int, $completion: kotlin.coroutines.Continuation<kotlin.Any?>?) declared in kotlin.coroutines.jvm.internal.SuspendLambda'
                                  arity: CONST Int type=kotlin.Int value=2
                                  $completion: GET_VAR '$completion: kotlin.coroutines.Continuation<com.example.tpv.MainActivity.onCreate$lambda$6.<no name provided>.invokeSuspend.<no name provided>>? declared in com.example.tpv.MainActivity.onCreate$lambda$6.<no name provided>.invokeSuspend.<no name provided>.<init>' type=kotlin.coroutines.Continuation<com.example.tpv.MainActivity.onCreate$lambda$6.<no name provided>.invokeSuspend.<no name provided>>? origin=null
                                BLOCK type=kotlin.Unit origin=null
                            FUN name:invokeSuspend visibility:public modality:FINAL <> ($this:com.example.tpv.MainActivity.onCreate$lambda$6.<no name provided>.invokeSuspend.<no name provided>, $result:kotlin.Result<kotlin.Any?>) returnType:kotlin.Any?
                              overridden:
                                protected abstract fun invokeSuspend ($result: kotlin.Result<kotlin.Any?>): kotlin.Any? declared in kotlin.coroutines.jvm.internal.SuspendLambda
                              $this: VALUE_PARAMETER INSTANCE_RECEIVER name:<this> type:com.example.tpv.MainActivity.onCreate$lambda$6.<no name provided>.invokeSuspend.<no name provided>
                              VALUE_PARAMETER name:$result index:0 type:kotlin.Result<kotlin.Any?>
                              BLOCK_BODY
                                RETURN type=kotlin.Nothing from='public final fun invokeSuspend ($result: kotlin.Result<kotlin.Any?>): kotlin.Any? declared in com.example.tpv.MainActivity.onCreate$lambda$6.<no name provided>.invokeSuspend.<no name provided>'
                                  CALL 'public open fun addTerminal (p0: @[FlexibleNullability] android.content.Context?, p1: @[FlexibleNullability] es.redsys.paysys.clientServicesSSM.logintransparente.RedCLSLoginTransPetNuevoTerminal?): @[FlexibleNullability] es.redsys.paysys.clientServicesSSM.logintransparente.data.ResponseData? declared in es.redsys.paysys.Operative.Managers.RedCLSMerchantConfigurationManager' type=@[FlexibleNullability] es.redsys.paysys.clientServicesSSM.logintransparente.data.ResponseData? origin=null
                                    p0: GET_FIELD 'FIELD FIELD_FOR_CAPTURED_VALUE name:this$0 type:com.example.tpv.MainActivity visibility:public/*package*/ [final] declared in com.example.tpv.MainActivity.onCreate$lambda$6.<no name provided>.invokeSuspend.<no name provided>' type=com.example.tpv.MainActivity origin=null
                                      receiver: GET_VAR '<this>: com.example.tpv.MainActivity.onCreate$lambda$6.<no name provided>.invokeSuspend.<no name provided> declared in com.example.tpv.MainActivity.onCreate$lambda$6.<no name provided>.invokeSuspend.<no name provided>.invokeSuspend' type=com.example.tpv.MainActivity.onCreate$lambda$6.<no name provided>.invokeSuspend.<no name provided> origin=null
                                    p1: GET_FIELD 'FIELD FIELD_FOR_CAPTURED_VALUE name:$terminalRequest type:es.redsys.paysys.clientServicesSSM.logintransparente.RedCLSLoginTransPetNuevoTerminal visibility:public/*package*/ [final] declared in com.example.tpv.MainActivity.onCreate$lambda$6.<no name provided>.invokeSuspend.<no name provided>' type=es.redsys.paysys.clientServicesSSM.logintransparente.RedCLSLoginTransPetNuevoTerminal origin=null
                                      receiver: GET_VAR '<this>: com.example.tpv.MainActivity.onCreate$lambda$6.<no name provided>.invokeSuspend.<no name provided> declared in com.example.tpv.MainActivity.onCreate$lambda$6.<no name provided>.invokeSuspend.<no name provided>.invokeSuspend' type=com.example.tpv.MainActivity.onCreate$lambda$6.<no name provided>.invokeSuspend.<no name provided> origin=null
                            FUN name:create visibility:public modality:FINAL <> ($this:com.example.tpv.MainActivity.onCreate$lambda$6.<no name provided>.invokeSuspend.<no name provided>, value:kotlin.Any?, $completion:kotlin.coroutines.Continuation<kotlin.Nothing>) returnType:kotlin.coroutines.Continuation<kotlin.Unit>
                              overridden:
                                public open fun create (value: kotlin.Any?, $completion: kotlin.coroutines.Continuation<kotlin.Nothing>): kotlin.coroutines.Continuation<kotlin.Unit> declared in kotlin.coroutines.jvm.internal.SuspendLambda
                              $this: VALUE_PARAMETER INSTANCE_RECEIVER name:<this> type:com.example.tpv.MainActivity.onCreate$lambda$6.<no name provided>.invokeSuspend.<no name provided>
                              VALUE_PARAMETER name:value index:0 type:kotlin.Any?
                              VALUE_PARAMETER name:$completion index:1 type:kotlin.coroutines.Continuation<kotlin.Nothing>
                              BLOCK_BODY
                                RETURN type=kotlin.Nothing from='public final fun create (value: kotlin.Any?, $completion: kotlin.coroutines.Continuation<kotlin.Nothing>): kotlin.coroutines.Continuation<kotlin.Unit> declared in com.example.tpv.MainActivity.onCreate$lambda$6.<no name provided>.invokeSuspend.<no name provided>'
                                  CONSTRUCTOR_CALL 'public/*package*/ constructor <init> (this$0: com.example.tpv.MainActivity, $terminalRequest: es.redsys.paysys.clientServicesSSM.logintransparente.RedCLSLoginTransPetNuevoTerminal, $completion: kotlin.coroutines.Continuation<com.example.tpv.MainActivity.onCreate$lambda$6.<no name provided>.invokeSuspend.<no name provided>>?) [primary] declared in com.example.tpv.MainActivity.onCreate$lambda$6.<no name provided>.invokeSuspend.<no name provided>' type=com.example.tpv.MainActivity.onCreate$lambda$6.<no name provided>.invokeSuspend.<no name provided> origin=null
                                    this$0: GET_FIELD 'FIELD FIELD_FOR_CAPTURED_VALUE name:this$0 type:com.example.tpv.MainActivity visibility:public/*package*/ [final] declared in com.example.tpv.MainActivity.onCreate$lambda$6.<no name provided>.invokeSuspend.<no name provided>' type=com.example.tpv.MainActivity origin=null
                                      receiver: GET_VAR '<this>: com.example.tpv.MainActivity.onCreate$lambda$6.<no name provided>.invokeSuspend.<no name provided> declared in com.example.tpv.MainActivity.onCreate$lambda$6.<no name provided>.invokeSuspend.<no name provided>.create' type=com.example.tpv.MainActivity.onCreate$lambda$6.<no name provided>.invokeSuspend.<no name provided> origin=null
                                    $terminalRequest: GET_FIELD 'FIELD FIELD_FOR_CAPTURED_VALUE name:$terminalRequest type:es.redsys.paysys.clientServicesSSM.logintransparente.RedCLSLoginTransPetNuevoTerminal visibility:public/*package*/ [final] declared in com.example.tpv.MainActivity.onCreate$lambda$6.<no name provided>.invokeSuspend.<no name provided>' type=es.redsys.paysys.clientServicesSSM.logintransparente.RedCLSLoginTransPetNuevoTerminal origin=null
                                      receiver: GET_VAR '<this>: com.example.tpv.MainActivity.onCreate$lambda$6.<no name provided>.invokeSuspend.<no name provided> declared in com.example.tpv.MainActivity.onCreate$lambda$6.<no name provided>.invokeSuspend.<no name provided>.create' type=com.example.tpv.MainActivity.onCreate$lambda$6.<no name provided>.invokeSuspend.<no name provided> origin=null
                                    $completion: GET_VAR '$completion: kotlin.coroutines.Continuation<kotlin.Nothing> declared in com.example.tpv.MainActivity.onCreate$lambda$6.<no name provided>.invokeSuspend.<no name provided>.create' type=kotlin.coroutines.Continuation<kotlin.Nothing> origin=null
                            FUN name:invoke visibility:public modality:FINAL <> ($this:com.example.tpv.MainActivity.onCreate$lambda$6.<no name provided>.invokeSuspend.<no name provided>, p1:kotlinx.coroutines.CoroutineScope, p2:kotlin.coroutines.Continuation<@[FlexibleNullability] es.redsys.paysys.clientServicesSSM.logintransparente.data.ResponseData?>?) returnType:kotlin.Any?
                              overridden:
                                public abstract fun invoke (p1: P1 of kotlin.jvm.functions.Function2, p2: P2 of kotlin.jvm.functions.Function2): R of kotlin.jvm.functions.Function2 declared in kotlin.jvm.functions.Function2
                              $this: VALUE_PARAMETER INSTANCE_RECEIVER name:<this> type:com.example.tpv.MainActivity.onCreate$lambda$6.<no name provided>.invokeSuspend.<no name provided>
                              VALUE_PARAMETER name:p1 index:0 type:kotlinx.coroutines.CoroutineScope
                              VALUE_PARAMETER name:p2 index:1 type:kotlin.coroutines.Continuation<@[FlexibleNullability] es.redsys.paysys.clientServicesSSM.logintransparente.data.ResponseData?>?
                              BLOCK_BODY
                                RETURN type=kotlin.Nothing from='public final fun invoke (p1: kotlinx.coroutines.CoroutineScope, p2: kotlin.coroutines.Continuation<@[FlexibleNullability] es.redsys.paysys.clientServicesSSM.logintransparente.data.ResponseData?>?): kotlin.Any? declared in com.example.tpv.MainActivity.onCreate$lambda$6.<no name provided>.invokeSuspend.<no name provided>'
                                  CALL 'public final fun invokeSuspend ($result: kotlin.Result<kotlin.Any?>): kotlin.Any? declared in com.example.tpv.MainActivity.onCreate$lambda$6.<no name provided>.invokeSuspend.<no name provided>' type=kotlin.Any? origin=null
                                    $this: TYPE_OP type=com.example.tpv.MainActivity.onCreate$lambda$6.<no name provided>.invokeSuspend.<no name provided> origin=IMPLICIT_CAST typeOperand=com.example.tpv.MainActivity.onCreate$lambda$6.<no name provided>.invokeSuspend.<no name provided>
                                      CALL 'public final fun create (value: kotlin.Any?, $completion: kotlin.coroutines.Continuation<kotlin.Nothing>): kotlin.coroutines.Continuation<kotlin.Unit> declared in com.example.tpv.MainActivity.onCreate$lambda$6.<no name provided>.invokeSuspend.<no name provided>' type=kotlin.coroutines.Continuation<kotlin.Unit> origin=null
                                        $this: GET_VAR '<this>: com.example.tpv.MainActivity.onCreate$lambda$6.<no name provided>.invokeSuspend.<no name provided> declared in com.example.tpv.MainActivity.onCreate$lambda$6.<no name provided>.invokeSuspend.<no name provided>.invoke' type=com.example.tpv.MainActivity.onCreate$lambda$6.<no name provided>.invokeSuspend.<no name provided> origin=null
                                        value: GET_VAR 'p1: kotlinx.coroutines.CoroutineScope declared in com.example.tpv.MainActivity.onCreate$lambda$6.<no name provided>.invokeSuspend.<no name provided>.invoke' type=kotlinx.coroutines.CoroutineScope origin=null
                                        $completion: GET_VAR 'p2: kotlin.coroutines.Continuation<@[FlexibleNullability] es.redsys.paysys.clientServicesSSM.logintransparente.data.ResponseData?>? declared in com.example.tpv.MainActivity.onCreate$lambda$6.<no name provided>.invokeSuspend.<no name provided>.invoke' type=kotlin.coroutines.Continuation<@[FlexibleNullability] es.redsys.paysys.clientServicesSSM.logintransparente.data.ResponseData?>? origin=null
                                    $result: CALL 'public final fun <unsafe-coerce> <T, R> (v: T of kotlin.jvm.internal.<unsafe-coerce>): R of kotlin.jvm.internal.<unsafe-coerce> declared in kotlin.jvm.internal' type=kotlin.Result<kotlin.Any?> origin=null
                                      <T>: kotlin.Any?
                                      <R>: kotlin.Result<kotlin.Any?>
                                      v: GET_FIELD 'FIELD FIELD_FOR_OBJECT_INSTANCE name:INSTANCE type:kotlin.Unit visibility:public [final,static] declared in kotlin.Unit' type=kotlin.Unit origin=null
                            FIELD FIELD_FOR_CAPTURED_VALUE name:this$0 type:com.example.tpv.MainActivity visibility:public/*package*/ [final]
                            FIELD FIELD_FOR_CAPTURED_VALUE name:$terminalRequest type:es.redsys.paysys.clientServicesSSM.logintransparente.RedCLSLoginTransPetNuevoTerminal visibility:public/*package*/ [final]
                            FUN BRIDGE name:invoke visibility:public modality:OPEN <> ($this:com.example.tpv.MainActivity.onCreate$lambda$6.<no name provided>.invokeSuspend.<no name provided>, p1:kotlin.Any?, p2:kotlin.Any?) returnType:kotlin.Any?
                              $this: VALUE_PARAMETER INSTANCE_RECEIVER name:<this> type:com.example.tpv.MainActivity.onCreate$lambda$6.<no name provided>.invokeSuspend.<no name provided>
                              VALUE_PARAMETER BRIDGE name:p1 index:0 type:kotlin.Any?
                              VALUE_PARAMETER BRIDGE name:p2 index:1 type:kotlin.Any?
                              EXPRESSION_BODY
                                RETURN type=kotlin.Nothing from='public open fun invoke (p1: kotlin.Any?, p2: kotlin.Any?): kotlin.Any? declared in com.example.tpv.MainActivity.onCreate$lambda$6.<no name provided>.invokeSuspend.<no name provided>'
                                  CALL 'public final fun invoke (p1: kotlinx.coroutines.CoroutineScope, p2: kotlin.coroutines.Continuation<@[FlexibleNullability] es.redsys.paysys.clientServicesSSM.logintransparente.data.ResponseData?>?): kotlin.Any? declared in com.example.tpv.MainActivity.onCreate$lambda$6.<no name provided>.invokeSuspend.<no name provided>' type=kotlin.Any? origin=BRIDGE_DELEGATION
                                    $this: GET_VAR '<this>: com.example.tpv.MainActivity.onCreate$lambda$6.<no name provided>.invokeSuspend.<no name provided> declared in com.example.tpv.MainActivity.onCreate$lambda$6.<no name provided>.invokeSuspend.<no name provided>.invoke' type=com.example.tpv.MainActivity.onCreate$lambda$6.<no name provided>.invokeSuspend.<no name provided> origin=null
                                    p1: TYPE_OP type=kotlinx.coroutines.CoroutineScope origin=IMPLICIT_CAST typeOperand=kotlinx.coroutines.CoroutineScope
                                      GET_VAR 'p1: kotlin.Any? declared in com.example.tpv.MainActivity.onCreate$lambda$6.<no name provided>.invokeSuspend.<no name provided>.invoke' type=kotlin.Any? origin=null
                                    p2: TYPE_OP type=kotlin.coroutines.Continuation<*> origin=IMPLICIT_CAST typeOperand=kotlin.coroutines.Continuation<*>
                                      GET_VAR 'p2: kotlin.Any? declared in com.example.tpv.MainActivity.onCreate$lambda$6.<no name provided>.invokeSuspend.<no name provided>.invoke' type=kotlin.Any? origin=null
                          CONSTRUCTOR_CALL 'public/*package*/ constructor <init> (this$0: com.example.tpv.MainActivity, $terminalRequest: es.redsys.paysys.clientServicesSSM.logintransparente.RedCLSLoginTransPetNuevoTerminal, $completion: kotlin.coroutines.Continuation<com.example.tpv.MainActivity.onCreate$lambda$6.<no name provided>.invokeSuspend.<no name provided>>?) [primary] declared in com.example.tpv.MainActivity.onCreate$lambda$6.<no name provided>.invokeSuspend.<no name provided>' type=com.example.tpv.MainActivity.onCreate$lambda$6.<no name provided>.invokeSuspend.<no name provided> origin=null
                            this$0: GET_FIELD 'FIELD FIELD_FOR_CAPTURED_VALUE name:this$0 type:com.example.tpv.MainActivity visibility:public/*package*/ [final] declared in com.example.tpv.MainActivity.onCreate$lambda$6.<no name provided>' type=com.example.tpv.MainActivity origin=null
                              receiver: GET_VAR '<this>: com.example.tpv.MainActivity.onCreate$lambda$6.<no name provided> declared in com.example.tpv.MainActivity.onCreate$lambda$6.<no name provided>.invokeSuspend' type=com.example.tpv.MainActivity.onCreate$lambda$6.<no name provided> origin=null
                            $terminalRequest: GET_FIELD 'FIELD FIELD_FOR_CAPTURED_VALUE name:$terminalRequest type:es.redsys.paysys.clientServicesSSM.logintransparente.RedCLSLoginTransPetNuevoTerminal visibility:public/*package*/ [final] declared in com.example.tpv.MainActivity.onCreate$lambda$6.<no name provided>' type=es.redsys.paysys.clientServicesSSM.logintransparente.RedCLSLoginTransPetNuevoTerminal origin=null
                              receiver: GET_VAR '<this>: com.example.tpv.MainActivity.onCreate$lambda$6.<no name provided> declared in com.example.tpv.MainActivity.onCreate$lambda$6.<no name provided>.invokeSuspend' type=com.example.tpv.MainActivity.onCreate$lambda$6.<no name provided> origin=null
                            $completion: CONST Null type=kotlin.Nothing? value=null
                        $completion: GET_VAR '<this>: com.example.tpv.MainActivity.onCreate$lambda$6.<no name provided> declared in com.example.tpv.MainActivity.onCreate$lambda$6.<no name provided>.invokeSuspend' type=com.example.tpv.MainActivity.onCreate$lambda$6.<no name provided> origin=null
                    CALL 'public open fun e (p0: @[FlexibleNullability] kotlin.String?, p1: @[FlexibleNullability] kotlin.String?): kotlin.Unit declared in es.redsys.paysys.Utils.Log' type=kotlin.Unit origin=null
                      p0: CONST String type=kotlin.String value="LoginDebug"
                      p1: STRING_CONCATENATION type=kotlin.String
                        CONST String type=kotlin.String value="response.class = "
                        CALL 'public open fun getName (): @[FlexibleNullability] kotlin.String? declared in java.lang.Class' type=@[FlexibleNullability] kotlin.String? origin=GET_PROPERTY
                          $this: CALL 'public final fun <get-java> <T> (): java.lang.Class<T of kotlin.jvm.JvmClassMappingKt.<get-java>> declared in kotlin.jvm.JvmClassMappingKt' type=java.lang.Class<out es.redsys.paysys.clientServicesSSM.logintransparente.data.ResponseData> origin=GET_PROPERTY
                            <T>: es.redsys.paysys.clientServicesSSM.logintransparente.data.ResponseData
                            $receiver: GET_CLASS type=kotlin.reflect.KClass<out @[FlexibleNullability] es.redsys.paysys.clientServicesSSM.logintransparente.data.ResponseData?>
                              GET_VAR 'val response: @[FlexibleNullability] es.redsys.paysys.clientServicesSSM.logintransparente.data.ResponseData? [val] declared in com.example.tpv.MainActivity.onCreate$lambda$6.<no name provided>.invokeSuspend' type=@[FlexibleNullability] es.redsys.paysys.clientServicesSSM.logintransparente.data.ResponseData? origin=null
                    CALL 'public open fun e (p0: @[FlexibleNullability] kotlin.String?, p1: @[FlexibleNullability] kotlin.String?): kotlin.Unit declared in es.redsys.paysys.Utils.Log' type=kotlin.Unit origin=null
                      p0: CONST String type=kotlin.String value="LoginDebug"
                      p1: STRING_CONCATENATION type=kotlin.String
                        CONST String type=kotlin.String value="response.desc = "
                        CALL 'public open fun getDesc (): @[FlexibleNullability] kotlin.String? declared in es.redsys.paysys.clientServicesSSM.logintransparente.data.ResponseData' type=@[FlexibleNullability] kotlin.String? origin=GET_PROPERTY
                          $this: GET_VAR 'val response: @[FlexibleNullability] es.redsys.paysys.clientServicesSSM.logintransparente.data.ResponseData? [val] declared in com.example.tpv.MainActivity.onCreate$lambda$6.<no name provided>.invokeSuspend' type=@[FlexibleNullability] es.redsys.paysys.clientServicesSSM.logintransparente.data.ResponseData? origin=null
                    WHEN type=kotlin.Unit origin=IF
                      BRANCH
                        if: CALL 'public final fun EQEQ (arg0: kotlin.Any?, arg1: kotlin.Any?): kotlin.Boolean declared in kotlin.internal.ir' type=kotlin.Boolean origin=EQEQ
                          arg0: CALL 'public open fun getCode (): kotlin.Int declared in es.redsys.paysys.clientServicesSSM.logintransparente.data.ResponseData' type=kotlin.Int origin=GET_PROPERTY
                            $this: GET_VAR 'val response: @[FlexibleNullability] es.redsys.paysys.clientServicesSSM.logintransparente.data.ResponseData? [val] declared in com.example.tpv.MainActivity.onCreate$lambda$6.<no name provided>.invokeSuspend' type=@[FlexibleNullability] es.redsys.paysys.clientServicesSSM.logintransparente.data.ResponseData? origin=null
                          arg1: CONST Int type=kotlin.Int value=0
                        then: BLOCK type=kotlin.Unit origin=null
                          VAR name:myIntent type:android.content.Intent [val]
                            CONSTRUCTOR_CALL 'public constructor <init> (p0: @[FlexibleNullability] android.content.Context?, p1: @[FlexibleNullability] java.lang.Class<*>?) declared in android.content.Intent' type=android.content.Intent origin=null
                              p0: GET_FIELD 'FIELD FIELD_FOR_CAPTURED_VALUE name:this$0 type:com.example.tpv.MainActivity visibility:public/*package*/ [final] declared in com.example.tpv.MainActivity.onCreate$lambda$6.<no name provided>' type=com.example.tpv.MainActivity origin=null
                                receiver: GET_VAR '<this>: com.example.tpv.MainActivity.onCreate$lambda$6.<no name provided> declared in com.example.tpv.MainActivity.onCreate$lambda$6.<no name provided>.invokeSuspend' type=com.example.tpv.MainActivity.onCreate$lambda$6.<no name provided> origin=null
                              p1: CALL 'public final fun <get-java> <T> (): java.lang.Class<T of kotlin.jvm.JvmClassMappingKt.<get-java>> declared in kotlin.jvm.JvmClassMappingKt' type=java.lang.Class<com.example.tpv.DateLogActivity> origin=GET_PROPERTY
                                <T>: com.example.tpv.DateLogActivity
                                $receiver: CLASS_REFERENCE 'CLASS IR_EXTERNAL_DECLARATION_STUB CLASS name:DateLogActivity modality:FINAL visibility:public superTypes:[androidx.appcompat.app.AppCompatActivity]' type=kotlin.reflect.KClass<com.example.tpv.DateLogActivity>
                          CALL 'public open fun startActivity (p0: @[FlexibleNullability] android.content.Intent?): kotlin.Unit [fake_override] declared in com.example.tpv.MainActivity' type=kotlin.Unit origin=null
                            $this: GET_FIELD 'FIELD FIELD_FOR_CAPTURED_VALUE name:this$0 type:com.example.tpv.MainActivity visibility:public/*package*/ [final] declared in com.example.tpv.MainActivity.onCreate$lambda$6.<no name provided>' type=com.example.tpv.MainActivity origin=null
                              receiver: GET_VAR '<this>: com.example.tpv.MainActivity.onCreate$lambda$6.<no name provided> declared in com.example.tpv.MainActivity.onCreate$lambda$6.<no name provided>.invokeSuspend' type=com.example.tpv.MainActivity.onCreate$lambda$6.<no name provided> origin=null
                            p0: GET_VAR 'val myIntent: android.content.Intent [val] declared in com.example.tpv.MainActivity.onCreate$lambda$6.<no name provided>.invokeSuspend' type=android.content.Intent origin=null
                      BRANCH
                        if: CONST Boolean type=kotlin.Boolean value=true
                        then: BLOCK type=kotlin.Unit origin=null
                          VAR name:errorMsg type:kotlin.String [val]
                            BLOCK type=kotlin.String origin=FOLDED_ELVIS
                              WHEN type=kotlin.String origin=FOLDED_ELVIS
                                BRANCH
                                  if: COMPOSITE type=kotlin.Boolean origin=null
                                    VAR IR_TEMPORARY_VARIABLE name:tmp0_elvis_lhs type:@[FlexibleNullability] kotlin.String? [val]
                                      CALL 'public open fun getDesc (): @[FlexibleNullability] kotlin.String? declared in es.redsys.paysys.clientServicesSSM.logintransparente.data.ResponseData' type=@[FlexibleNullability] kotlin.String? origin=GET_PROPERTY
                                        $this: GET_VAR 'val response: @[FlexibleNullability] es.redsys.paysys.clientServicesSSM.logintransparente.data.ResponseData? [val] declared in com.example.tpv.MainActivity.onCreate$lambda$6.<no name provided>.invokeSuspend' type=@[FlexibleNullability] es.redsys.paysys.clientServicesSSM.logintransparente.data.ResponseData? origin=null
                                    CALL 'public final fun not (): kotlin.Boolean [operator] declared in kotlin.Boolean' type=kotlin.Boolean origin=null
                                      $this: CALL 'public final fun EQEQ (arg0: kotlin.Any?, arg1: kotlin.Any?): kotlin.Boolean declared in kotlin.internal.ir' type=kotlin.Boolean origin=null
                                        arg0: GET_VAR 'val tmp0_elvis_lhs: @[FlexibleNullability] kotlin.String? [val] declared in com.example.tpv.MainActivity.onCreate$lambda$6.<no name provided>.invokeSuspend' type=@[FlexibleNullability] kotlin.String? origin=null
                                        arg1: CONST Null type=kotlin.Nothing? value=null
                                  then: GET_VAR 'val tmp0_elvis_lhs: @[FlexibleNullability] kotlin.String? [val] declared in com.example.tpv.MainActivity.onCreate$lambda$6.<no name provided>.invokeSuspend' type=@[FlexibleNullability] kotlin.String? origin=null
                                BRANCH
                                  if: CONST Boolean type=kotlin.Boolean value=true
                                  then: CONST String type=kotlin.String value="Error desconocido"
                          CALL 'public open fun e (p0: @[FlexibleNullability] kotlin.String?, p1: @[FlexibleNullability] kotlin.String?): kotlin.Unit declared in es.redsys.paysys.Utils.Log' type=kotlin.Unit origin=null
                            p0: CONST String type=kotlin.String value="LoginDebug"
                            p1: STRING_CONCATENATION type=kotlin.String
                              CONST String type=kotlin.String value="Error en login: "
                              GET_VAR 'val errorMsg: kotlin.String [val] declared in com.example.tpv.MainActivity.onCreate$lambda$6.<no name provided>.invokeSuspend' type=kotlin.String origin=null
                          CALL 'public open fun show (): kotlin.Unit declared in android.widget.Toast' type=kotlin.Unit origin=null
                            $this: CALL 'public open fun makeText (p0: @[FlexibleNullability] android.content.Context?, p1: @[FlexibleNullability] kotlin.CharSequence?, p2: kotlin.Int): @[FlexibleNullability] android.widget.Toast? declared in android.widget.Toast' type=@[FlexibleNullability] android.widget.Toast? origin=null
                              p0: GET_FIELD 'FIELD FIELD_FOR_CAPTURED_VALUE name:this$0 type:com.example.tpv.MainActivity visibility:public/*package*/ [final] declared in com.example.tpv.MainActivity.onCreate$lambda$6.<no name provided>' type=com.example.tpv.MainActivity origin=null
                                receiver: GET_VAR '<this>: com.example.tpv.MainActivity.onCreate$lambda$6.<no name provided> declared in com.example.tpv.MainActivity.onCreate$lambda$6.<no name provided>.invokeSuspend' type=com.example.tpv.MainActivity.onCreate$lambda$6.<no name provided> origin=null
                              p1: STRING_CONCATENATION type=kotlin.String
                                CONST String type=kotlin.String value="Error en login: "
                                GET_VAR 'val errorMsg: kotlin.String [val] declared in com.example.tpv.MainActivity.onCreate$lambda$6.<no name provided>.invokeSuspend' type=kotlin.String origin=null
                              p2: CONST Int type=kotlin.Int value=1
                  CATCH parameter=val e: java.lang.Exception [val] declared in com.example.tpv.MainActivity.onCreate$lambda$6.<no name provided>.invokeSuspend
                    VAR CATCH_PARAMETER name:e type:java.lang.Exception [val]
                    BLOCK type=kotlin.Unit origin=null
                      CALL 'public open fun e (p0: @[FlexibleNullability] kotlin.String?, p1: @[FlexibleNullability] kotlin.String?): kotlin.Unit declared in es.redsys.paysys.Utils.Log' type=kotlin.Unit origin=null
                        p0: CONST String type=kotlin.String value="LoginDebug"
                        p1: STRING_CONCATENATION type=kotlin.String
                          CONST String type=kotlin.String value="Excepción: "
                          CALL 'public open fun <get-message> (): kotlin.String? [fake_override] declared in java.lang.Exception' type=kotlin.String? origin=GET_PROPERTY
                            $this: GET_VAR 'val e: java.lang.Exception [val] declared in com.example.tpv.MainActivity.onCreate$lambda$6.<no name provided>.invokeSuspend' type=java.lang.Exception origin=null
                      CALL 'public open fun show (): kotlin.Unit declared in android.widget.Toast' type=kotlin.Unit origin=null
                        $this: CALL 'public open fun makeText (p0: @[FlexibleNullability] android.content.Context?, p1: @[FlexibleNullability] kotlin.CharSequence?, p2: kotlin.Int): @[FlexibleNullability] android.widget.Toast? declared in android.widget.Toast' type=@[FlexibleNullability] android.widget.Toast? origin=null
                          p0: GET_FIELD 'FIELD FIELD_FOR_CAPTURED_VALUE name:this$0 type:com.example.tpv.MainActivity visibility:public/*package*/ [final] declared in com.example.tpv.MainActivity.onCreate$lambda$6.<no name provided>' type=com.example.tpv.MainActivity origin=null
                            receiver: GET_VAR '<this>: com.example.tpv.MainActivity.onCreate$lambda$6.<no name provided> declared in com.example.tpv.MainActivity.onCreate$lambda$6.<no name provided>.invokeSuspend' type=com.example.tpv.MainActivity.onCreate$lambda$6.<no name provided> origin=null
                          p1: STRING_CONCATENATION type=kotlin.String
                            CONST String type=kotlin.String value="Excepción: "
                            CALL 'public open fun <get-message> (): kotlin.String? [fake_override] declared in java.lang.Exception' type=kotlin.String? origin=GET_PROPERTY
                              $this: GET_VAR 'val e: java.lang.Exception [val] declared in com.example.tpv.MainActivity.onCreate$lambda$6.<no name provided>.invokeSuspend' type=java.lang.Exception origin=null
                          p2: CONST Int type=kotlin.Int value=1
            FUN name:create visibility:public modality:FINAL <> ($this:com.example.tpv.MainActivity.onCreate$lambda$6.<no name provided>, value:kotlin.Any?, $completion:kotlin.coroutines.Continuation<kotlin.Nothing>) returnType:kotlin.coroutines.Continuation<kotlin.Unit>
              overridden:
                public open fun create (value: kotlin.Any?, $completion: kotlin.coroutines.Continuation<kotlin.Nothing>): kotlin.coroutines.Continuation<kotlin.Unit> declared in kotlin.coroutines.jvm.internal.SuspendLambda
              $this: VALUE_PARAMETER INSTANCE_RECEIVER name:<this> type:com.example.tpv.MainActivity.onCreate$lambda$6.<no name provided>
              VALUE_PARAMETER name:value index:0 type:kotlin.Any?
              VALUE_PARAMETER name:$completion index:1 type:kotlin.coroutines.Continuation<kotlin.Nothing>
              BLOCK_BODY
                RETURN type=kotlin.Nothing from='public final fun create (value: kotlin.Any?, $completion: kotlin.coroutines.Continuation<kotlin.Nothing>): kotlin.coroutines.Continuation<kotlin.Unit> declared in com.example.tpv.MainActivity.onCreate$lambda$6.<no name provided>'
                  CONSTRUCTOR_CALL 'public/*package*/ constructor <init> (this$0: com.example.tpv.MainActivity, $terminalRequest: es.redsys.paysys.clientServicesSSM.logintransparente.RedCLSLoginTransPetNuevoTerminal, $completion: kotlin.coroutines.Continuation<com.example.tpv.MainActivity.onCreate$lambda$6.<no name provided>>?) [primary] declared in com.example.tpv.MainActivity.onCreate$lambda$6.<no name provided>' type=com.example.tpv.MainActivity.onCreate$lambda$6.<no name provided> origin=null
                    this$0: GET_FIELD 'FIELD FIELD_FOR_CAPTURED_VALUE name:this$0 type:com.example.tpv.MainActivity visibility:public/*package*/ [final] declared in com.example.tpv.MainActivity.onCreate$lambda$6.<no name provided>' type=com.example.tpv.MainActivity origin=null
                      receiver: GET_VAR '<this>: com.example.tpv.MainActivity.onCreate$lambda$6.<no name provided> declared in com.example.tpv.MainActivity.onCreate$lambda$6.<no name provided>.create' type=com.example.tpv.MainActivity.onCreate$lambda$6.<no name provided> origin=null
                    $terminalRequest: GET_FIELD 'FIELD FIELD_FOR_CAPTURED_VALUE name:$terminalRequest type:es.redsys.paysys.clientServicesSSM.logintransparente.RedCLSLoginTransPetNuevoTerminal visibility:public/*package*/ [final] declared in com.example.tpv.MainActivity.onCreate$lambda$6.<no name provided>' type=es.redsys.paysys.clientServicesSSM.logintransparente.RedCLSLoginTransPetNuevoTerminal origin=null
                      receiver: GET_VAR '<this>: com.example.tpv.MainActivity.onCreate$lambda$6.<no name provided> declared in com.example.tpv.MainActivity.onCreate$lambda$6.<no name provided>.create' type=com.example.tpv.MainActivity.onCreate$lambda$6.<no name provided> origin=null
                    $completion: GET_VAR '$completion: kotlin.coroutines.Continuation<kotlin.Nothing> declared in com.example.tpv.MainActivity.onCreate$lambda$6.<no name provided>.create' type=kotlin.coroutines.Continuation<kotlin.Nothing> origin=null
            FUN name:invoke visibility:public modality:FINAL <> ($this:com.example.tpv.MainActivity.onCreate$lambda$6.<no name provided>, p1:kotlinx.coroutines.CoroutineScope, p2:kotlin.coroutines.Continuation<kotlin.Unit>?) returnType:kotlin.Any?
              overridden:
                public abstract fun invoke (p1: P1 of kotlin.jvm.functions.Function2, p2: P2 of kotlin.jvm.functions.Function2): R of kotlin.jvm.functions.Function2 declared in kotlin.jvm.functions.Function2
              $this: VALUE_PARAMETER INSTANCE_RECEIVER name:<this> type:com.example.tpv.MainActivity.onCreate$lambda$6.<no name provided>
              VALUE_PARAMETER name:p1 index:0 type:kotlinx.coroutines.CoroutineScope
              VALUE_PARAMETER name:p2 index:1 type:kotlin.coroutines.Continuation<kotlin.Unit>?
              BLOCK_BODY
                RETURN type=kotlin.Nothing from='public final fun invoke (p1: kotlinx.coroutines.CoroutineScope, p2: kotlin.coroutines.Continuation<kotlin.Unit>?): kotlin.Any? declared in com.example.tpv.MainActivity.onCreate$lambda$6.<no name provided>'
                  CALL 'public final fun invokeSuspend ($result: kotlin.Result<kotlin.Any?>): kotlin.Any? declared in com.example.tpv.MainActivity.onCreate$lambda$6.<no name provided>' type=kotlin.Any? origin=null
                    $this: TYPE_OP type=com.example.tpv.MainActivity.onCreate$lambda$6.<no name provided> origin=IMPLICIT_CAST typeOperand=com.example.tpv.MainActivity.onCreate$lambda$6.<no name provided>
                      CALL 'public final fun create (value: kotlin.Any?, $completion: kotlin.coroutines.Continuation<kotlin.Nothing>): kotlin.coroutines.Continuation<kotlin.Unit> declared in com.example.tpv.MainActivity.onCreate$lambda$6.<no name provided>' type=kotlin.coroutines.Continuation<kotlin.Unit> origin=null
                        $this: GET_VAR '<this>: com.example.tpv.MainActivity.onCreate$lambda$6.<no name provided> declared in com.example.tpv.MainActivity.onCreate$lambda$6.<no name provided>.invoke' type=com.example.tpv.MainActivity.onCreate$lambda$6.<no name provided> origin=null
                        value: GET_VAR 'p1: kotlinx.coroutines.CoroutineScope declared in com.example.tpv.MainActivity.onCreate$lambda$6.<no name provided>.invoke' type=kotlinx.coroutines.CoroutineScope origin=null
                        $completion: GET_VAR 'p2: kotlin.coroutines.Continuation<kotlin.Unit>? declared in com.example.tpv.MainActivity.onCreate$lambda$6.<no name provided>.invoke' type=kotlin.coroutines.Continuation<kotlin.Unit>? origin=null
                    $result: CALL 'public final fun <unsafe-coerce> <T, R> (v: T of kotlin.jvm.internal.<unsafe-coerce>): R of kotlin.jvm.internal.<unsafe-coerce> declared in kotlin.jvm.internal' type=kotlin.Result<kotlin.Any?> origin=null
                      <T>: kotlin.Any?
                      <R>: kotlin.Result<kotlin.Any?>
                      v: GET_FIELD 'FIELD FIELD_FOR_OBJECT_INSTANCE name:INSTANCE type:kotlin.Unit visibility:public [final,static] declared in kotlin.Unit' type=kotlin.Unit origin=null
            FIELD FIELD_FOR_CAPTURED_VALUE name:this$0 type:com.example.tpv.MainActivity visibility:public/*package*/ [final]
            FIELD FIELD_FOR_CAPTURED_VALUE name:$terminalRequest type:es.redsys.paysys.clientServicesSSM.logintransparente.RedCLSLoginTransPetNuevoTerminal visibility:public/*package*/ [final]
            FUN BRIDGE name:invoke visibility:public modality:OPEN <> ($this:com.example.tpv.MainActivity.onCreate$lambda$6.<no name provided>, p1:kotlin.Any?, p2:kotlin.Any?) returnType:kotlin.Any?
              $this: VALUE_PARAMETER INSTANCE_RECEIVER name:<this> type:com.example.tpv.MainActivity.onCreate$lambda$6.<no name provided>
              VALUE_PARAMETER BRIDGE name:p1 index:0 type:kotlin.Any?
              VALUE_PARAMETER BRIDGE name:p2 index:1 type:kotlin.Any?
              EXPRESSION_BODY
                RETURN type=kotlin.Nothing from='public open fun invoke (p1: kotlin.Any?, p2: kotlin.Any?): kotlin.Any? declared in com.example.tpv.MainActivity.onCreate$lambda$6.<no name provided>'
                  CALL 'public final fun invoke (p1: kotlinx.coroutines.CoroutineScope, p2: kotlin.coroutines.Continuation<kotlin.Unit>?): kotlin.Any? declared in com.example.tpv.MainActivity.onCreate$lambda$6.<no name provided>' type=kotlin.Any? origin=BRIDGE_DELEGATION
                    $this: GET_VAR '<this>: com.example.tpv.MainActivity.onCreate$lambda$6.<no name provided> declared in com.example.tpv.MainActivity.onCreate$lambda$6.<no name provided>.invoke' type=com.example.tpv.MainActivity.onCreate$lambda$6.<no name provided> origin=null
                    p1: TYPE_OP type=kotlinx.coroutines.CoroutineScope origin=IMPLICIT_CAST typeOperand=kotlinx.coroutines.CoroutineScope
                      GET_VAR 'p1: kotlin.Any? declared in com.example.tpv.MainActivity.onCreate$lambda$6.<no name provided>.invoke' type=kotlin.Any? origin=null
                    p2: TYPE_OP type=kotlin.coroutines.Continuation<*> origin=IMPLICIT_CAST typeOperand=kotlin.coroutines.Continuation<*>
                      GET_VAR 'p2: kotlin.Any? declared in com.example.tpv.MainActivity.onCreate$lambda$6.<no name provided>.invoke' type=kotlin.Any? origin=null
          CONSTRUCTOR_CALL 'public/*package*/ constructor <init> (this$0: com.example.tpv.MainActivity, $terminalRequest: es.redsys.paysys.clientServicesSSM.logintransparente.RedCLSLoginTransPetNuevoTerminal, $completion: kotlin.coroutines.Continuation<com.example.tpv.MainActivity.onCreate$lambda$6.<no name provided>>?) [primary] declared in com.example.tpv.MainActivity.onCreate$lambda$6.<no name provided>' type=com.example.tpv.MainActivity.onCreate$lambda$6.<no name provided> origin=null
            this$0: GET_VAR 'this$0: com.example.tpv.MainActivity declared in com.example.tpv.MainActivity.onCreate$lambda$6' type=com.example.tpv.MainActivity origin=null
            $terminalRequest: GET_VAR 'val terminalRequest: es.redsys.paysys.clientServicesSSM.logintransparente.RedCLSLoginTransPetNuevoTerminal [val] declared in com.example.tpv.MainActivity.onCreate$lambda$6' type=es.redsys.paysys.clientServicesSSM.logintransparente.RedCLSLoginTransPetNuevoTerminal origin=null
            $completion: CONST Null type=kotlin.Nothing? value=null
        $mask0: CONST Int type=kotlin.Int value=3
        $handler: CONST Null type=kotlin.Any? value=null
      COMPOSITE type=kotlin.Unit origin=null

	at org.jetbrains.kotlin.backend.jvm.codegen.FunctionCodegen.generate(FunctionCodegen.kt:47)
	at org.jetbrains.kotlin.backend.jvm.codegen.FunctionCodegen.generate$default(FunctionCodegen.kt:40)
	at org.jetbrains.kotlin.backend.jvm.codegen.ClassCodegen.generateMethodNode(ClassCodegen.kt:406)
	at org.jetbrains.kotlin.backend.jvm.codegen.ClassCodegen.generateMethod(ClassCodegen.kt:423)
	at org.jetbrains.kotlin.backend.jvm.codegen.ClassCodegen.generate(ClassCodegen.kt:168)
	at org.jetbrains.kotlin.backend.jvm.FileCodegen.lower(JvmPhases.kt:39)
	at org.jetbrains.kotlin.backend.common.phaser.PhaseFactoriesKt.createFilePhase$lambda$4(PhaseFactories.kt:71)
	at org.jetbrains.kotlin.backend.common.phaser.PhaseBuildersKt$createSimpleNamedCompilerPhase$1.phaseBody(PhaseBuilders.kt:69)
	at org.jetbrains.kotlin.backend.common.phaser.SimpleNamedCompilerPhase.phaseBody(CompilerPhase.kt:226)
	at org.jetbrains.kotlin.backend.common.phaser.AbstractNamedCompilerPhase.invoke(CompilerPhase.kt:113)
	at org.jetbrains.kotlin.backend.common.phaser.PerformByIrFilePhase.invokeSequential(performByIrFile.kt:62)
	... 44 more
Caused by: java.lang.RuntimeException: Exception while generating code for:
FUN INLINE_LAMBDA name:onCreate$lambda$6$lambda$5 visibility:private modality:FINAL <> ($receiver:es.redsys.paysys.clientServicesSSM.logintransparente.RedCLSLoginTransPetNuevoTerminal) returnType:kotlin.Unit
  $receiver: VALUE_PARAMETER name:$this$apply type:es.redsys.paysys.clientServicesSSM.logintransparente.RedCLSLoginTransPetNuevoTerminal
  BLOCK_BODY
    VAR name:$i$a$-apply-MainActivity$onCreate$4$terminalRequest$1 type:kotlin.Int [val]
      CONST Int type=kotlin.Int value=0
    CALL 'public open fun setFuc (p0: @[FlexibleNullability] kotlin.String?): kotlin.Unit declared in es.redsys.paysys.clientServicesSSM.logintransparente.RedCLSLoginTransPetNuevoTerminal' type=kotlin.Unit origin=EQ
      $this: GET_VAR '$this$apply: es.redsys.paysys.clientServicesSSM.logintransparente.RedCLSLoginTransPetNuevoTerminal declared in com.example.tpv.MainActivity.onCreate$lambda$6$lambda$5' type=es.redsys.paysys.clientServicesSSM.logintransparente.RedCLSLoginTransPetNuevoTerminal origin=null
      p0: CONST String type=kotlin.String value="057678260"
    CALL 'public open fun setTerminal (p0: kotlin.Int): kotlin.Unit declared in es.redsys.paysys.clientServicesSSM.logintransparente.RedCLSLoginTransPetNuevoTerminal' type=kotlin.Unit origin=EQ
      $this: GET_VAR '$this$apply: es.redsys.paysys.clientServicesSSM.logintransparente.RedCLSLoginTransPetNuevoTerminal declared in com.example.tpv.MainActivity.onCreate$lambda$6$lambda$5' type=es.redsys.paysys.clientServicesSSM.logintransparente.RedCLSLoginTransPetNuevoTerminal origin=null
      p0: CONST Int type=kotlin.Int value=1
    SET_FIELD 'FIELD IR_EXTERNAL_JAVA_DECLARATION_STUB name:type type:kotlin.Int visibility:public [final,static] declared in android.R.attr' type=kotlin.Unit superQualifierSymbol=android.R.attr origin=EQ
      value: CONST Int type=kotlin.Int value=2

	at org.jetbrains.kotlin.backend.jvm.codegen.FunctionCodegen.generate(FunctionCodegen.kt:47)
	at org.jetbrains.kotlin.backend.jvm.codegen.IrSourceCompilerForInline.generateLambdaBody(IrSourceCompilerForInline.kt:67)
	at org.jetbrains.kotlin.codegen.inline.ExpressionLambda.generateLambdaBody(LambdaInfo.kt:72)
	at org.jetbrains.kotlin.backend.jvm.codegen.IrInlineCodegen.genValueAndPut(IrInlineCodegen.kt:100)
	at org.jetbrains.kotlin.backend.jvm.codegen.ExpressionCodegen.visitCall$handleParameter(ExpressionCodegen.kt:616)
	at org.jetbrains.kotlin.backend.jvm.codegen.ExpressionCodegen.visitCall(ExpressionCodegen.kt:644)
	at org.jetbrains.kotlin.backend.jvm.codegen.ExpressionCodegen.visitCall(ExpressionCodegen.kt:138)
	at org.jetbrains.kotlin.ir.expressions.IrCall.accept(IrCall.kt:24)
	at org.jetbrains.kotlin.backend.jvm.codegen.ExpressionCodegen.visitVariable(ExpressionCodegen.kt:790)
	at org.jetbrains.kotlin.backend.jvm.codegen.ExpressionCodegen.visitVariable(ExpressionCodegen.kt:138)
	at org.jetbrains.kotlin.ir.declarations.IrVariable.accept(IrVariable.kt:36)
	at org.jetbrains.kotlin.backend.jvm.codegen.ExpressionCodegen.visitStatementContainer(ExpressionCodegen.kt:579)
	at org.jetbrains.kotlin.backend.jvm.codegen.ExpressionCodegen.visitBlockBody(ExpressionCodegen.kt:584)
	at org.jetbrains.kotlin.backend.jvm.codegen.ExpressionCodegen.visitBlockBody(ExpressionCodegen.kt:138)
	at org.jetbrains.kotlin.ir.expressions.IrBlockBody.accept(IrBlockBody.kt:20)
	at org.jetbrains.kotlin.backend.jvm.codegen.ExpressionCodegen.generate(ExpressionCodegen.kt:240)
	at org.jetbrains.kotlin.backend.jvm.codegen.FunctionCodegen.doGenerate(FunctionCodegen.kt:123)
	at org.jetbrains.kotlin.backend.jvm.codegen.FunctionCodegen.generate(FunctionCodegen.kt:44)
	... 54 more
Caused by: java.lang.AssertionError: access of const val: SET_FIELD 'FIELD IR_EXTERNAL_JAVA_DECLARATION_STUB name:type type:kotlin.Int visibility:public [final,static] declared in android.R.attr' type=kotlin.Unit superQualifierSymbol=android.R.attr origin=EQ
  value: CONST Int type=kotlin.Int value=2

	at org.jetbrains.kotlin.backend.jvm.codegen.ExpressionCodegen.visitFieldAccess(ExpressionCodegen.kt:861)
	at org.jetbrains.kotlin.backend.jvm.codegen.ExpressionCodegen.visitFieldAccess(ExpressionCodegen.kt:138)
	at org.jetbrains.kotlin.ir.visitors.IrElementVisitor$DefaultImpls.visitSetField(IrElementVisitor.kt:206)
	at org.jetbrains.kotlin.backend.jvm.codegen.ExpressionCodegen.visitSetField(ExpressionCodegen.kt:908)
	at org.jetbrains.kotlin.backend.jvm.codegen.ExpressionCodegen.visitSetField(ExpressionCodegen.kt:138)
	at org.jetbrains.kotlin.ir.expressions.IrSetField.accept(IrSetField.kt:21)
	at org.jetbrains.kotlin.backend.jvm.codegen.ExpressionCodegen.visitStatementContainer(ExpressionCodegen.kt:579)
	at org.jetbrains.kotlin.backend.jvm.codegen.ExpressionCodegen.visitBlockBody(ExpressionCodegen.kt:584)
	at org.jetbrains.kotlin.backend.jvm.codegen.ExpressionCodegen.visitBlockBody(ExpressionCodegen.kt:138)
	at org.jetbrains.kotlin.ir.expressions.IrBlockBody.accept(IrBlockBody.kt:20)
	at org.jetbrains.kotlin.backend.jvm.codegen.ExpressionCodegen.generate(ExpressionCodegen.kt:240)
	at org.jetbrains.kotlin.backend.jvm.codegen.FunctionCodegen.doGenerate(FunctionCodegen.kt:123)
	at org.jetbrains.kotlin.backend.jvm.codegen.FunctionCodegen.generate(FunctionCodegen.kt:44)
	... 71 more


